[debug] [2025-06-29T18:54:09.228Z] ----------------------------------------------------------------------
[debug] [2025-06-29T18:54:09.230Z] Command:       C:\Program Files\nodejs\node.exe C:\Users\tdama\AppData\Roaming\npm\node_modules\firebase-tools\lib\bin\firebase.js init
[debug] [2025-06-29T18:54:09.230Z] CLI Version:   14.9.0
[debug] [2025-06-29T18:54:09.230Z] Platform:      win32
[debug] [2025-06-29T18:54:09.230Z] Node Version:  v20.12.1
[debug] [2025-06-29T18:54:09.231Z] Time:          Mon Jun 30 2025 00:24:09 GMT+0530 (India Standard Time)
[debug] [2025-06-29T18:54:09.231Z] ----------------------------------------------------------------------
[debug] 
[debug] [2025-06-29T18:54:09.233Z] >>> [apiv2][query] GET https://firebase-public.firebaseio.com/cli.json [none]
[debug] [2025-06-29T18:54:09.281Z] > command requires scopes: ["email","openid","https://www.googleapis.com/auth/cloudplatformprojects.readonly","https://www.googleapis.com/auth/firebase","https://www.googleapis.com/auth/cloud-platform"]
[debug] [2025-06-29T18:54:09.282Z] > authorizing via signed-in user (damayanthakat@gmail.com)
[info] 
     ######## #### ########  ######## ########     ###     ######  ########
     ##        ##  ##     ## ##       ##     ##  ##   ##  ##       ##
     ######    ##  ########  ######   ########  #########  ######  ######
     ##        ##  ##    ##  ##       ##     ## ##     ##       ## ##
     ##       #### ##     ## ######## ########  ##     ##  ######  ########

You're about to initialize a Firebase project in this directory:

  D:\Users\tdama\WebstormProjects\ai_resume

[debug] [2025-06-29T18:54:09.886Z] <<< [apiv2][status] GET https://firebase-public.firebaseio.com/cli.json 200
[debug] [2025-06-29T18:54:09.886Z] <<< [apiv2][body] GET https://firebase-public.firebaseio.com/cli.json {"cloudBuildErrorAfter":1594252800000,"cloudBuildWarnAfter":1590019200000,"defaultNode10After":1594252800000,"minVersion":"3.0.5","node8DeploysDisabledAfter":1613390400000,"node8RuntimeDisabledAfter":1615809600000,"node8WarnAfter":1600128000000}
[info] 
=== Project Setup
[info] 
[info] First, let's associate this project directory with a Firebase project.
[info] You can create multiple project aliases by running firebase use --add, 
[info] but for now we'll just set up a default project.
[info] 
[debug] [2025-06-29T18:54:31.189Z] Checked if tokens are valid: false, expires at: 1746204984074
[debug] [2025-06-29T18:54:31.190Z] Checked if tokens are valid: false, expires at: 1746204984074
[debug] [2025-06-29T18:54:31.190Z] > refreshing access token with scopes: []
[debug] [2025-06-29T18:54:31.191Z] >>> [apiv2][query] POST https://www.googleapis.com/oauth2/v3/token [none]
[debug] [2025-06-29T18:54:31.192Z] >>> [apiv2][body] POST https://www.googleapis.com/oauth2/v3/token [omitted]
[debug] [2025-06-29T18:54:31.387Z] <<< [apiv2][status] POST https://www.googleapis.com/oauth2/v3/token 200
[debug] [2025-06-29T18:54:31.387Z] <<< [apiv2][body] POST https://www.googleapis.com/oauth2/v3/token [omitted]
[debug] [2025-06-29T18:54:31.400Z] >>> [apiv2][query] GET https://firebase.googleapis.com/v1beta1/projects pageSize=100
[debug] [2025-06-29T18:54:32.332Z] <<< [apiv2][status] GET https://firebase.googleapis.com/v1beta1/projects 200
[debug] [2025-06-29T18:54:32.332Z] <<< [apiv2][body] GET https://firebase.googleapis.com/v1beta1/projects [omitted]
[info] i  Using project ai-resume-maker-6060f (AI Resume Maker) 
[info] 
=== Hosting Setup
[debug] [2025-06-29T18:54:34.326Z] Checked if tokens are valid: true, expires at: 1751226870387
[debug] [2025-06-29T18:54:34.326Z] Checked if tokens are valid: true, expires at: 1751226870387
[debug] [2025-06-29T18:54:34.326Z] >>> [apiv2][query] GET https://firebase.googleapis.com/v1beta1/projects/ai-resume-maker-6060f [none]
[debug] [2025-06-29T18:54:34.975Z] <<< [apiv2][status] GET https://firebase.googleapis.com/v1beta1/projects/ai-resume-maker-6060f 200
[debug] [2025-06-29T18:54:34.975Z] <<< [apiv2][body] GET https://firebase.googleapis.com/v1beta1/projects/ai-resume-maker-6060f {"projectId":"ai-resume-maker-6060f","projectNumber":"551210772147","displayName":"AI Resume Maker","name":"projects/ai-resume-maker-6060f","resources":{"hostingSite":"ai-resume-maker-6060f"},"state":"ACTIVE","etag":"1_86398e9b-9529-4f90-bc6f-74463fa321f8"}
